Sender: LSF System <lsfadmin@odcf-cn23u23>
Subject: Job 11285938: <megalodon.unique> in cluster <ODCF> Exited

Job <megalodon.unique> was submitted from host <odcf-cn34u03s11> by user <a390l> in cluster <ODCF> at Fri Apr  8 16:50:58 2022
Job was executed on host(s) <odcf-cn23u23>, in queue <short>, as user <a390l> in cluster <ODCF> at Fri Apr  8 16:50:59 2022
</home/a390l> was used as the home directory.
</omics/groups/OE0146/internal/Areeba/paper/Rapid-CNS2> was used as the working directory.
Started at Fri Apr  8 16:50:59 2022
Terminated at Fri Apr  8 16:51:25 2022
Results reported at Fri Apr  8 16:51:25 2022

Your job looked like:

------------------------------------------------------------
# LSBATCH: User input
/omics/groups/OE0146/internal/Areeba/paper/Rapid-CNS2/.snakemake/tmp.vvuwesg8/snakejob.megalodon.1.sh
------------------------------------------------------------

Exited with exit code 1.

Resource usage summary:

    CPU time :                                   0.89 sec.
    Max Memory :                                 49 MB
    Average Memory :                             36.00 MB
    Total Requested Memory :                     1024.00 MB
    Delta Memory :                               975.00 MB
    Max Swap :                                   -
    Max Processes :                              4
    Max Threads :                                5
    Run time :                                   26 sec.
    Turnaround time :                            27 sec.

The output (if any) follows:



PS:

Read file <logs/cluster/megalodon/unique/jobid1_ead8726f-dd5e-420b-8408-df07ec0d01e9.err> for stderr output of this job.

