Config file rapid_cns_snake.yaml is extended by additional config specified via the command line.
Building DAG of jobs...
Using shell: /usr/bin/bash
Provided cores: 1 (use --cores to define parallelism)
Rules claiming more threads will be scaled down.
Select jobs to execute...

[Fri Apr  8 13:23:46 2022]
rule megalodon:
    input: /b06x-isilon/b06x-m/mnp_nanopore/data/NL0065_2/195014/20210811_1102_MN34546_FAQ56195_70769e9f/fast5
    output: /b06x-isilon/b06x-m/mnp_nanopore/test_git/NL0065_2/megalodon, /b06x-isilon/b06x-m/mnp_nanopore/test_git/NL0065_2/megalodon/modified_bases.5mC.bed
    jobid: 0
    resources: mem_mb=1000, disk_mb=1000, tmpdir=/tmp, nvidia_gpu=1, mem_gb=64

export GUPPY_SERVER=/b06x-isilon/b06x-m/mnp_nanopore/software/ont-guppy_5.0.11/bin//guppy_basecall_server && megalodon /b06x-isilon/b06x-m/mnp_nanopore/data/NL0065_2/195014/20210811_1102_MN34546_FAQ56195_70769e9f/fast5 --outputs mods mappings --overwrite --reference /b06x-isilon/b06x-m/mnp_nanopore/software/hg38/hg38.mmi --mod-motif m CG 0 --output-directory /b06x-isilon/b06x-m/mnp_nanopore/test_git/NL0065_2/megalodon --guppy-server-path $/b06x-isilon/b06x-m/mnp_nanopore/software/ont-guppy_5.0.11/bin//guppy_basecall_server --overwrite --write-mods-text --devices 0 --processes 40 --guppy-params '--num_callers 8 --gpu_runners_per_device 8  --chunks_per_runner 2048' 
Activating conda environment: /omics/groups/OE0146/internal/Areeba/paper/Rapid-CNS2/.snakemake/conda/d75c34075870f1264aae8f40a2e60714
[13:24:10] Running Megalodon version 2.3.1
[13:24:10] Loading guppy basecalling backend
****************************************************************************************************
	ERROR: Guppy server executable not found. Please specify path via `--guppy-server-path` argument.
****************************************************************************************************
[Fri Apr  8 13:24:11 2022]
Error in rule megalodon:
    jobid: 0
    output: /b06x-isilon/b06x-m/mnp_nanopore/test_git/NL0065_2/megalodon, /b06x-isilon/b06x-m/mnp_nanopore/test_git/NL0065_2/megalodon/modified_bases.5mC.bed
    conda-env: /omics/groups/OE0146/internal/Areeba/paper/Rapid-CNS2/.snakemake/conda/d75c34075870f1264aae8f40a2e60714
    shell:
        export GUPPY_SERVER=/b06x-isilon/b06x-m/mnp_nanopore/software/ont-guppy_5.0.11/bin//guppy_basecall_server && megalodon /b06x-isilon/b06x-m/mnp_nanopore/data/NL0065_2/195014/20210811_1102_MN34546_FAQ56195_70769e9f/fast5 --outputs mods mappings --overwrite --reference /b06x-isilon/b06x-m/mnp_nanopore/software/hg38/hg38.mmi --mod-motif m CG 0 --output-directory /b06x-isilon/b06x-m/mnp_nanopore/test_git/NL0065_2/megalodon --guppy-server-path $/b06x-isilon/b06x-m/mnp_nanopore/software/ont-guppy_5.0.11/bin//guppy_basecall_server --overwrite --write-mods-text --devices 0 --processes 40 --guppy-params '--num_callers 8 --gpu_runners_per_device 8  --chunks_per_runner 2048' 
        (one of the commands exited with non-zero exit code; note that snakemake uses bash strict mode!)

Removing output files of failed job megalodon since they might be corrupted:
/b06x-isilon/b06x-m/mnp_nanopore/test_git/NL0065_2/megalodon
Skipped removing non-empty directory /b06x-isilon/b06x-m/mnp_nanopore/test_git/NL0065_2/megalodon
Shutting down, this might take some time.
Exiting because a job execution failed. Look above for error message
